"../../../Engine/Content/EditorResources/S_Actor.uasset" 0
"../../../Engine/Content/EditorResources/S_LevelSequence.uasset" 1
"../../../Engine/Content/EngineFonts/Roboto.uasset" 2
"../../../Engine/Content/Functions/Engine_MaterialFunctions01/Shading/PowerToRoughness.uasset" 3
"../../../Engine/Content/EngineMaterials/DefaultDiffuse.uasset" 4
"../../../Engine/Content/EngineMaterials/DefaultDeferredDecalMaterial.uasset" 5
"../../../Engine/Content/EngineMaterials/DefaultLightFunctionMaterial.uasset" 6
"../../../Engine/Content/Functions/Engine_MaterialFunctions02/Utility/BreakOutFloat2Components.uasset" 7
"../../../Engine/Content/EngineMaterials/DefaultPostProcessMaterial.uasset" 8
"../../../Engine/Content/EngineResources/DefaultTexture.uasset" 9
"../../../Engine/Content/Functions/Engine_MaterialFunctions01/Texturing/ScaleUVsByCenter.uasset" 10
"../../../Engine/Content/Functions/Engine_MaterialFunctions02/ScreenResolution.uasset" 11
"../../../Engine/Content/Functions/Engine_MaterialFunctions02/Texturing/ScreenAlignedUVs.uasset" 12
"../../../Engine/Content/EngineResources/WhiteSquareTexture.uasset" 13
"../../../Engine/Content/EngineMaterials/Widget3DPassThrough.uasset" 14
"../../../Engine/Content/EngineMaterials/Widget3DPassThrough_Translucent.uasset" 15
"../../../Engine/Content/EngineMaterials/Widget3DPassThrough_Translucent_OneSided.uasset" 16
"../../../Engine/Content/EngineMaterials/Widget3DPassThrough_Opaque.uasset" 17
"../../../Engine/Content/EngineMaterials/Widget3DPassThrough_Opaque_OneSided.uasset" 18
"../../../Engine/Content/EngineMaterials/Widget3DPassThrough_Masked.uasset" 19
"../../../Engine/Content/EngineMaterials/Widget3DPassThrough_Masked_OneSided.uasset" 20
"../../../Engine/Content/EngineResources/AICON-Red.uasset" 21
"../../../Engine/Content/EngineResources/AICON-Green.uasset" 22
"../../../Engine/Content/EditorResources/S_Emitter.uasset" 23
"../../../Engine/Content/EditorResources/Bad.uasset" 24
"../../../Engine/Content/EditorMeshes/EditorCube.uasset" 25
"../../../Engine/Content/EditorMeshes/EditorSphere.uasset" 26
"../../../Engine/Content/EditorMeshes/EditorPlane.uasset" 27
"../../../Engine/Content/EditorMeshes/EditorCylinder.uasset" 28
"../../../Engine/Content/Maps/Templates/Thumbnails/Default.uasset" 29
"../../../Engine/Content/Maps/Templates/Thumbnails/VR-Basic.uasset" 30
"../../../Engine/Content/EditorMaterials/Thumbnails/SkySphereMaterial.uasset" 31
"../../../Engine/Content/EditorMeshes/EditorSkySphere.uasset" 32
"../../../Engine/Content/EngineMaterials/Grid.uasset" 33
"../../../Engine/Content/EditorMaterials/Thumbnails/FloorPlaneMaterial.uasset" 34
"../../../Engine/Content/MapTemplates/Sky/DaylightAmbientCubemap.uasset" 35
"../../../Engine/Content/EditorMaterials/ParticleSystems/PSysThumbnail_NoImage.uasset" 36
"../../../Engine/Content/EditorMaterials/ParticleSystems/PSysThumbnail_OOD.uasset" 37
"../../../Engine/Content/EditorResources/S_DecalActorIcon.uasset" 38
"../../../Engine/Content/EditorLandscapeResources/LandscapeGizmo_Mat.uasset" 39
"../../../Engine/Content/EditorLandscapeResources/LandscapeGizmo_Mat_Copied.uasset" 40
"../../../Engine/Content/EditorLandscapeResources/LandscapeGizmoHeight_Mat.uasset" 41
"../../../Engine/Content/EditorLandscapeResources/DataLayer.uasset" 42
"../../../Engine/Content/EditorResources/S_Terrain.uasset" 43
"../../../Engine/Content/EditorLandscapeResources/SplineEditorMeshMat.uasset" 44
"../../../Engine/Content/EditorLandscapeResources/SplineEditorMesh.uasset" 45
"../../../Engine/Content/EditorResources/MatineeCam_D.uasset" 46
"../../../Engine/Content/EditorMaterials/MatineeCam_mat.uasset" 47
"../../../Engine/Content/EditorMeshes/MatineeCam_SM.uasset" 48
"../../../Engine/Content/Functions/Engine_MaterialFunctions02/Utility/Sign.uasset" 49
"../../../Engine/Content/Functions/Engine_MaterialFunctions02/Utility/Round.uasset" 50
"../../../Engine/Content/Functions/Engine_MaterialFunctions02/ExampleContent/Textures/flipbook.uasset" 51
"../../../Engine/Content/Functions/Engine_MaterialFunctions02/Texturing/FlipBook.uasset" 52
"../../../Engine/Content/EditorResources/T_EditorHelp.uasset" 53
"../../../Engine/Content/EditorMaterials/HelpActorMaterial.uasset" 54
"../../../Engine/Content/EditorResources/S_ExpoHeightFog.uasset" 55
"../../../Engine/Content/EditorResources/S_NavP.uasset" 56
"../../../Engine/Content/EditorResources/S_Player.uasset" 57
"../../../Engine/Content/EditorResources/LightIcons/SkyLight.uasset" 58
"../../../Engine/Content/EditorResources/S_WindDirectional.uasset" 59
"../../../Engine/Content/EngineDamageTypes/DmgTypeBP_Environmental.uasset" 60
"../../../Engine/Content/EditorResources/LightIcons/S_LightDirectional.uasset" 61
"../../../Engine/Content/EditorResources/LightIcons/S_LightDirectionalMove.uasset" 62
"../../../Engine/Content/EditorResources/LightIcons/S_LightPoint.uasset" 63
"../../../Engine/Content/EditorResources/LightIcons/S_LightPointMove.uasset" 64
"../../../Engine/Content/EditorResources/LightIcons/S_LightSpot.uasset" 65
"../../../Engine/Content/EditorResources/LightIcons/S_LightSpotMove.uasset" 66
"../../../Engine/Content/EditorResources/S_PortalActorIcon2.uasset" 67
"../../../Engine/Content/EditorResources/MatInstActSprite.uasset" 68
"../../../Engine/Content/EditorResources/SceneManager.uasset" 69
"../../../Engine/Content/EditorResources/AI/S_NavLink.uasset" 70
"../../../Engine/Content/EditorResources/S_Note.uasset" 71
"../../../Engine/Content/EngineMeshes/Sphere.uasset" 72
"../../../Engine/Content/EditorResources/S_ReflActorIcon.uasset" 73
"../../../Engine/Content/EditorResources/S_Thruster.uasset" 74
"../../../Engine/Content/EditorResources/S_RadForce.uasset" 75
"../../../Engine/Content/EditorMaterials/TargetIcon.uasset" 76
"../../../Engine/Content/EngineFonts/RobotoDistanceField.uasset" 77
"../../../Engine/Content/EngineMaterials/DefaultTextMaterialOpaque.uasset" 78
"../../../Engine/Content/EditorResources/S_TextRenderActorIcon.uasset" 79
"../../../Engine/Content/EditorResources/S_Trigger.uasset" 80
"../../../Engine/Content/EditorResources/S_VectorFieldVol.uasset" 81
"../../../Engine/Content/EngineResources/GradientTexture0.uasset" 82
"../../../Engine/Content/EngineResources/Black.uasset" 83
"../../../Engine/Content/EditorMaterials/MatineeGroups/MAT_Groups_Float.uasset" 84
"../../../Engine/Content/EditorMaterials/MatineeGroups/MAT_Groups_Director.uasset" 85
"../../../Engine/Content/EditorMaterials/MatineeGroups/MAT_Groups_Event.uasset" 86
"../../../Engine/Content/EditorMaterials/MatineeGroups/MAT_Groups_Anim.uasset" 87
"../../../Engine/Content/EditorMaterials/MatineeGroups/MAT_Groups_Fade.uasset" 88
"../../../Engine/Content/EditorMaterials/MatineeGroups/MAT_Groups_Move.uasset" 89
"../../../Engine/Content/EditorMaterials/MatineeGroups/MAT_Groups_Slomo.uasset" 90
"../../../Engine/Content/EditorMaterials/MatineeGroups/MAT_ColorTrack.uasset" 91
"../../../Engine/Content/EditorMaterials/MAT_Groups_Toggle.uasset" 92
"../../../Engine/Content/EditorMaterials/MatineeGroups/MAT_Groups_AudioMaster.uasset" 93
"../../../Engine/Content/EditorMaterials/MatineeGroups/MAT_Groups_Sound.uasset" 94
"../../../Engine/Content/EditorMaterials/MatineeGroups/MAT_Groups_Vector.uasset" 95
"../../../Engine/Content/EditorMaterials/MAT_Groups_Visibility.uasset" 96
"../../../Engine/Content/EngineResources/DefaultTextureCube.uasset" 97
"../../../Engine/Content/Functions/Engine_MaterialFunctions01/Opacity/CameraDepthFade.uasset" 98
"../../../Engine/Content/EngineMaterials/T_Default_Material_Grid_M.uasset" 99
"../../../Engine/Content/EngineMaterials/T_Default_Material_Grid_N.uasset" 100
"../../../Engine/Content/EngineMaterials/DefaultMaterial.uasset" 101
"../../../Engine/Content/EngineMeshes/Cylinder.uasset" 102
"../../../Engine/Content/EngineTireTypes/DefaultTireType.uasset" 103
"../../../Engine/Content/EditorMaterials/Camera/CineMat.uasset" 104
"../../../Engine/Content/EditorMaterials/Camera/MI_CineMat_Rig.uasset" 105
"../../../Engine/Content/EditorMeshes/Camera/SM_CraneRig_Base.uasset" 106
"../../../Engine/Content/EditorMeshes/Camera/SM_CraneRig_Arm.uasset" 107
"../../../Engine/Content/EditorMeshes/Camera/SM_CraneRig_Mount.uasset" 108
"../../../Engine/Content/EditorMeshes/Camera/SM_CraneRig_Body.uasset" 109
"../../../Engine/Content/EditorMeshes/Camera/SM_RailRig_Track.uasset" 110
"../../../Engine/Content/EditorMeshes/Camera/SM_RailRig_Mount.uasset" 111
"../../../Engine/Content/EditorMaterials/Camera/MI_CineMat_CameraBody.uasset" 112
"../../../Engine/Content/EngineDebugMaterials/M_SimpleOpaque.uasset" 113
"../../../Engine/Content/EditorMaterials/Camera/MI_CineMat_CamViewFinder.uasset" 114
"../../../Engine/Content/EditorMeshes/Camera/SM_CineCam.uasset" 115
"../../../Engine/Content/EngineMaterials/WorldGridMaterial.uasset" 116
"../../../Engine/Content/ArtTools/RenderToTexture/Meshes/S_1_Unit_Plane.uasset" 117
"../../../Engine/Content/EngineDebugMaterials/M_SimpleTranslucent.uasset" 118
"../../../Engine/Content/EditorResources/S_FTest.uasset" 119
"../../../Engine/Content/VREditor/LaserPointer/VR_LaserPower_01.uasset" 120
"../../../Engine/Content/VREditor/TransformGizmo/TransformGizmoMaterial.uasset" 121
"../../../Engine/Content/VREditor/TransformGizmo/TranslucentTransformGizmoMaterial.uasset" 122
"../../../Engine/Content/VREditor/TransformGizmo/TranslationHandle.uasset" 123
"../../../Engine/Content/VREditor/TransformGizmo/PlaneTranslationHandle.uasset" 124
"../../../Engine/Content/VREditor/TransformGizmo/RotationHandle.uasset" 125
"../../../Engine/Content/VREditor/TransformGizmo/StretchingHandle.uasset" 126
"../../../Engine/Content/VREditor/TransformGizmo/BoundingBoxCorner.uasset" 127
"../../../Engine/Content/VREditor/TransformGizmo/BoundingBoxEdge.uasset" 128
"../../../Engine/Content/VREditor/TransformGizmo/UniformScaleHandle.uasset" 129
"../../../Engine/Content/VREditor/FloatingText/LineMaterial.uasset" 130
"../../../Engine/Content/VREditor/FloatingText/LineSegmentCylinder.uasset" 131
"../../../Engine/Content/VREditor/FloatingText/JointSphere.uasset" 132
"../../../Engine/Content/VREditor/Fonts/VRText_RobotoLarge.uasset" 133
"../../../Engine/Content/VREditor/Fonts/VRTextMaterial.uasset" 134
"../../../Engine/Content/VREditor/Fonts/TranslucentVRTextMaterial.uasset" 135
"../../../Engine/Content/VREditor/UI/SelectionBarMesh.uasset" 136
"../../../Engine/Content/VREditor/UI/CloseButtonMesh.uasset" 137
"../../../Engine/Plugins/2D/Paper2D/Content/PlaceholderTextures/DummySpriteTexture.uasset" 138
"../../../Engine/Plugins/2D/Paper2D/Content/DefaultSpriteMaterial.uasset" 139
"../../../Engine/Plugins/2D/Paper2D/Content/MaskedUnlitSpriteMaterial.uasset" 140
"../../../Engine/Plugins/2D/Paper2D/Content/OpaqueUnlitSpriteMaterial.uasset" 141
"../../../Engine/Plugins/2D/Paper2D/Content/DummySprite.uasset" 142
"../../../Engine/Plugins/2D/Paper2D/Content/DefaultPaperTerrainMaterial.uasset" 143
"../../../Engine/Content/EditorSounds/Notifications/CompileSuccess.uasset" 144
"../../../Engine/Content/EditorSounds/Notifications/CompileStart_Cue.uasset" 145
"../../../Engine/Content/EditorSounds/Notifications/CompileSuccess_Cue.uasset" 146
"../../../Engine/Content/EditorSounds/Notifications/CompileFailed.uasset" 147
"../../../Engine/Content/EditorSounds/Notifications/CompileFailed_Cue.uasset" 148
"../../../Engine/Content/BufferVisualization/BaseColor.uasset" 149
"../../../Engine/Content/BufferVisualization/CustomDepth.uasset" 150
"../../../Engine/Content/Functions/Engine_MaterialFunctions02/Utility/MakeFloat2.uasset" 151
"../../../Engine/Content/Functions/Engine_MaterialFunctions02/Utility/MakeFloat3.uasset" 152
"../../../Engine/Content/EngineMaterials/MiniFont.uasset" 153
"../../../Engine/Content/BufferVisualization/CustomStencil.uasset" 154
"../../../Engine/Content/BufferVisualization/FinalImage.uasset" 155
"../../../Engine/Content/BufferVisualization/LightingModel.uasset" 156
"../../../Engine/Content/BufferVisualization/MaterialAO.uasset" 157
"../../../Engine/Content/BufferVisualization/Metallic.uasset" 158
"../../../Engine/Content/BufferVisualization/Opacity.uasset" 159
"../../../Engine/Content/BufferVisualization/Roughness.uasset" 160
"../../../Engine/Content/BufferVisualization/SceneColor.uasset" 161
"../../../Engine/Content/BufferVisualization/SceneDepth.uasset" 162
"../../../Engine/Content/BufferVisualization/SeparateTranslucencyRGB.uasset" 163
"../../../Engine/Content/BufferVisualization/SeparateTranslucencyA.uasset" 164
"../../../Engine/Content/BufferVisualization/Specular.uasset" 165
"../../../Engine/Content/BufferVisualization/SubsurfaceColor.uasset" 166
"../../../Engine/Content/BufferVisualization/WorldNormal.uasset" 167
"../../../Engine/Content/EngineMaterials/DefaultPhysicalMaterial.uasset" 168
"../../../Engine/Content/BufferVisualization/AmbientOcclusion.uasset" 169
"../../../Engine/Content/Functions/Engine_MaterialFunctions02/Utility/VectorLength.uasset" 170
"../../../Engine/Content/BufferVisualization/CustomDepthWorldUnits.uasset" 171
"../../../Engine/Content/BufferVisualization/SceneDepthWorldUnits.uasset" 172
"../../../Engine/Content/BufferVisualization/HDRColor.uasset" 173
"../../../Engine/Content/EngineMaterials/HighResolutionScreenshotMaskFunction.uasset" 174
"../../../Engine/Content/EngineMaterials/HighResScreenshot.uasset" 175
"../../../Engine/Content/EngineMaterials/HighResScreenshotMask.uasset" 176
"../../../Engine/Content/EngineMaterials/HighResScreenshotCaptureRegion.uasset" 177
"../../../Engine/Content/EngineDebugMaterials/WireframeMaterial.uasset" 178
"../../../Engine/Content/Functions/Engine_MaterialFunctions01/Shading/ConvertFromDiffSpec.uasset" 179
"../../../Engine/Content/EngineDebugMaterials/LevelColorationLitMaterial.uasset" 180
"../../../Engine/Content/EngineDebugMaterials/LevelColorationUnlitMaterial.uasset" 181
"../../../Engine/Content/EngineMaterials/DefaultWhiteGrid.uasset" 182
"../../../Engine/Content/EngineDebugMaterials/MAT_LevelColorationLitLightmapUV.uasset" 183
"../../../Engine/Content/EngineDebugMaterials/ShadedLevelColorationLitMaterial.uasset" 184
"../../../Engine/Content/EngineDebugMaterials/ShadedLevelColorationUnlitMateri.uasset" 185
"../../../Engine/Content/EngineDebugMaterials/VertexColorMaterial.uasset" 186
"../../../Engine/Content/EngineDebugMaterials/VertexColorViewMode_ColorOnly.uasset" 187
"../../../Engine/Content/EngineDebugMaterials/VertexColorViewMode_AlphaAsColor.uasset" 188
"../../../Engine/Content/EngineDebugMaterials/VertexColorViewMode_RedOnly.uasset" 189
"../../../Engine/Content/EngineDebugMaterials/VertexColorViewMode_GreenOnly.uasset" 190
"../../../Engine/Content/EngineDebugMaterials/VertexColorViewMode_BlueOnly.uasset" 191
"../../../Engine/Content/EngineMaterials/RemoveSurfaceMaterial.uasset" 192
"../../../Engine/Content/EngineDebugMaterials/DebugMeshMaterial.uasset" 193
"../../../Engine/Content/EngineMaterials/InvalidLightmapSettings.uasset" 194
"../../../Engine/Content/EngineMaterials/M_InvalidLightmapSettings.uasset" 195
"../../../Engine/Content/EditorMaterials/GizmoMaterial.uasset" 196
"../../../Engine/Content/EngineDebugMaterials/GeomMaterial.uasset" 197
"../../../Engine/Content/EngineMaterials/EditorBrushMaterial.uasset" 198
"../../../Engine/Content/EngineDebugMaterials/HeatmapGradient.uasset" 199
"../../../Engine/Content/EngineDebugMaterials/BoneWeightMaterial.uasset" 200
"../../../Engine/Content/EditorMaterials/PreviewShadowIndicator.uasset" 201
"../../../Engine/Content/EditorMaterials/PreviewShadowIndicatorMaterial.uasset" 202
"../../../Engine/Content/EditorMaterials/PhAT_JointLimitMaterial.uasset" 203
"../../../Engine/Content/EditorResources/BSPVertex.uasset" 204
"../../../Engine/Content/EngineMaterials/Good64x64TilingNoiseHighFreq.uasset" 205
"../../../Engine/Content/EngineMaterials/DefaultBokeh.uasset" 206
"../../../Engine/Content/EngineMaterials/PreintegratedSkinBRDF.uasset" 207
"../../../Engine/Content/EngineMaterials/WeightMapPlaceholderTexture.uasset" 208
"../../../Engine/Content/EngineFonts/RobotoTiny.uasset" 209
"../../../Engine/Content/Tutorial/ContentIntroCurve.uasset" 210
"../../../Engine/Content/EditorMaterials/Cross.uasset" 211
"../../../Engine/Content/EditorMaterials/Cross_Mat.uasset" 212
"../../../Engine/Content/EditorMaterials/PhAT_BoneSelectedMaterial.uasset" 213
"../../../Engine/Content/EditorMaterials/PhAT_ElemSelectedMaterial.uasset" 214
"../../../Engine/Content/EditorMaterials/PhAT_NoCollisionMaterial.uasset" 215
"../../../Engine/Content/EditorMaterials/PhAT_UnselectedMaterial.uasset" 216
"../../../Engine/Content/EditorMaterials/Tick.uasset" 217
"../../../Engine/Content/EditorMaterials/Tick_Mat.uasset" 218
"../../../Engine/Content/EditorMaterials/WidgetGridVertexColorMaterial.uasset" 219
"../../../Engine/Content/EditorMaterials/WidgetGridVertexColorMaterial_Ma.uasset" 220
"../../../Engine/Content/EditorMaterials/WidgetMaterial.uasset" 221
"../../../Engine/Content/EditorMaterials/WidgetMaterial_Current.uasset" 222
"../../../Engine/Content/EditorMaterials/WidgetMaterial_X.uasset" 223
"../../../Engine/Content/EditorMaterials/WidgetMaterial_Y.uasset" 224
"../../../Engine/Content/EditorMaterials/WidgetMaterial_Z.uasset" 225
"../../../Engine/Content/EditorMaterials/WidgetVertexColorMaterial.uasset" 226
"../../../Engine/Content/EditorMaterials/CompositeARGBLayer.uasset" 227
"../../../Engine/Content/EditorMaterials/TilingAALineIntegral.uasset" 228
"../../../Engine/Content/EditorMaterials/TilingAALineBoxFiltered.uasset" 229
"../../../Engine/Content/Functions/Engine_MaterialFunctions03/Procedurals/ComputeFilterWidth.uasset" 230
"../../../Engine/Content/EditorMaterials/TilingAADots.uasset" 231
"../../../Engine/Content/EditorMaterials/Cascade/CASC_Cross.uasset" 232
"../../../Engine/Content/EditorMaterials/Cascade/CASC_None.uasset" 233
"../../../Engine/Content/Functions/Engine_MaterialFunctions03/Blends/Blend_Screen.uasset" 234
"../../../Engine/Content/EditorMaterials/TilingAAGrid.uasset" 235
"../../../Engine/Content/EditorMaterials/LevelGridMaterial.uasset" 236
"../../../Engine/Content/EditorResources/SmallFont.uasset" 237
"../../../Engine/Content/EditorResources/S_KBSJoint.uasset" 238
"../../../Engine/Content/EditorResources/S_KHinge.uasset" 239
"../../../Engine/Content/EditorResources/S_KPrismatic.uasset" 240
"../../../Engine/Content/EditorResources/LightIcons/S_LightError.uasset" 241
"../../../Engine/Content/EditorResources/Spline/T_Loft_Spline.uasset" 242
"../../../Engine/Content/EngineMaterials/BlinkingCaret.uasset" 243
"../../../Engine/Content/EngineMaterials/DefaultNormal.uasset" 244
"../../../Engine/Content/EngineMaterials/Grid_N.uasset" 245
"../../../Engine/Content/EngineMaterials/LandscapeHolePhysicalMaterial.uasset" 246
"../../../Engine/Content/EngineMaterials/PaperDiffuse.uasset" 247
"../../../Engine/Content/EngineMaterials/PaperNormal.uasset" 248
"../../../Engine/Content/EngineMaterials/PhysMat_Rubber.uasset" 249
"../../../Engine/Content/EngineFonts/SmallFont.uasset" 250
"../../../Engine/Content/EngineFonts/TinyFont.uasset" 251
"../../../Engine/Content/EngineResources/StreamingPauseIcon.uasset" 252
"../../../Engine/Content/EngineResources/M_StreamingPause.uasset" 253
"../../../Engine/Content/BasicShapes/Sphere.uasset" 254
"../../../Engine/Content/BasicShapes/Cylinder.uasset" 255
"../../../Engine/Content/BasicShapes/Cone.uasset" 256
"../../../Engine/Content/EditorResources/SequenceRecorder/Countdown.uasset" 257
"../../../Engine/Content/EditorResources/SequenceRecorder/RecordingIndicator.uasset" 258
"../../../Engine/Content/EditorLandscapeResources/DefaultAlphaTexture.uasset" 259
"../../../Engine/Content/EditorSounds/GamePreview/EndPlayInEditor.uasset" 260
"../../../Engine/Content/EditorSounds/GamePreview/EndPlayInEditor_Cue.uasset" 261
"../../../Engine/Content/MobileResources/HUD/MobileHUDButton3.uasset" 262
"../../../Engine/Content/EditorResources/EmptyActor.uasset" 263
"../../../Engine/Content/Tutorial/Basics/TutorialAssets/icon_tab_Levels_40x.uasset" 264
"../../../Engine/Content/EditorMaterials/MakeCompositeARGBLayer.uasset" 265
"../../../Engine/Content/EditorResources/LevelGrid1DStripes.uasset" 266
"../../../Engine/Content/EditorMaterials/TextureGridCascaded1D.uasset" 267
"../../../Engine/Content/EditorMaterials/TextureGridCascaded2D.uasset" 268
"../../../Engine/Content/EditorMaterials/LevelGridMaterial2.uasset" 269
"../../../Engine/Content/MobileResources/HUD/MobileHUDButton1_off.uasset" 270
"../../../Engine/Content/MobileResources/HUD/MobileHUDDirectionPad3.uasset" 271
"../../../Engine/Content/MobileResources/T_MobileMenu2.uasset" 272
"../../../Engine/Content/MobileResources/HUD/MobileHUDButton2_off.uasset" 273
"../../../Engine/Content/MobileResources/HUD/MobileHUDDirectionPad.uasset" 274
"../../../Engine/Content/MobileResources/HUD/T_Castle_ThumbstickInner.uasset" 275
"../../../Engine/Content/EditorSounds/GamePreview/StartPlayInEditor.uasset" 276
"../../../Engine/Content/EditorSounds/GamePreview/StartPlayInEditor_Cue.uasset" 277
"../../../Engine/Content/MobileResources/T_MobileControls_texture.uasset" 278
"../../../Engine/Content/MobileResources/HUD/AnalogHat.uasset" 279
"../../../Engine/Content/MobileResources/HUD/VirtualJoystick_Background.uasset" 280
"../../../Engine/Content/MobileResources/HUD/VirtualJoystick_Thumb.uasset" 281
"../../../Engine/Content/MobileResources/HUD/DefaultVirtualJoysticks.uasset" 282
"../../../Engine/Content/MobileResources/HUD/LeftVirtualJoystickOnly.uasset" 283
"../../../Engine/Content/MobileResources/HUD/MobileHUDButton1_on.uasset" 284
"../../../Engine/Content/MobileResources/HUD/MobileHUDButton2_on.uasset" 285
"../../../Engine/Content/MobileResources/HUD/MobileHUDButtonFire.uasset" 286
"../../../Engine/Content/MobileResources/HUD/MobileHUDDirectionPad2.uasset" 287
"../../../Engine/Content/MobileResources/HUD/MobileHUDDirectionStick.uasset" 288
"../../../Engine/Content/MobileResources/HUD/T_Castle_ThumbstickOutter.uasset" 289
"../../../The_36th_Chamber/Content/Character/Mesh/SK_Mannequin_Arms_Skeleton.uasset" 290
"../../../The_36th_Chamber/Content/Animations/FirstPerson_Idle.uasset" 291
"../../../The_36th_Chamber/Content/Animations/FirstPerson_JumpEnd.uasset" 292
"../../../The_36th_Chamber/Content/Animations/FirstPerson_JumpLoop.uasset" 293
"../../../The_36th_Chamber/Content/Animations/FirstPerson_JumpStart.uasset" 294
"../../../The_36th_Chamber/Content/Animations/FirstPerson_Run.uasset" 295
"../../../Engine/Content/EditorBlueprintResources/StandardMacros.uasset" 296
"../../../The_36th_Chamber/Content/Animations/FirstPerson_AnimBP.uasset" 297
"../../../The_36th_Chamber/Content/Animations/FirstPerson_Fire.uasset" 298
"../../../The_36th_Chamber/Content/Animations/FirstPersonFire_Montage.uasset" 299
"../../../The_36th_Chamber/Content/Animations/AnimStarterPack/UE4_Mannequin/Mesh/UE4_Mannequin_Skeleton.uasset" 300
"../../../The_36th_Chamber/Content/Animations/AnimStarterPack/Hit_React_1.uasset" 301
"../../../The_36th_Chamber/Content/Animations/AnimStarterPack/Hit_Reaction.uasset" 302
"../../../The_36th_Chamber/Content/Animations/AnimStarterPack/Crouch_Idle_Rifle_Hip.uasset" 303
"../../../The_36th_Chamber/Content/Animations/AnimStarterPack/Jump_From_Jog.uasset" 304
"../../../The_36th_Chamber/Content/Animations/AnimStarterPack/Jump_From_Stand.uasset" 305
"../../../The_36th_Chamber/Content/Animations/ThirdPersonIdle.uasset" 306
"../../../The_36th_Chamber/Content/Animations/AnimStarterPack/Crouch_Walk_Bwd_Rifle_Hip.uasset" 307
"../../../The_36th_Chamber/Content/Animations/AnimStarterPack/Crouch_Walk_Fwd_Rifle_Hip.uasset" 308
"../../../The_36th_Chamber/Content/Animations/AnimStarterPack/Crouch_Walk_Lt_Rifle_Hip.uasset" 309
"../../../The_36th_Chamber/Content/Animations/AnimStarterPack/Crouch_Walk_Rt_Rifle_Hip.uasset" 310
"../../../The_36th_Chamber/Content/Animations/AnimStarterPack/BS_CrouchWalk.uasset" 311
"../../../The_36th_Chamber/Content/Animations/AnimStarterPack/Jog_Bwd_Rifle.uasset" 312
"../../../The_36th_Chamber/Content/Animations/AnimStarterPack/Jog_Fwd_Rifle.uasset" 313
"../../../The_36th_Chamber/Content/Animations/AnimStarterPack/Jog_Lt_Rifle.uasset" 314
"../../../The_36th_Chamber/Content/Animations/AnimStarterPack/Jog_Rt_Rifle.uasset" 315
"../../../The_36th_Chamber/Content/Animations/AnimStarterPack/BS_Jog.uasset" 316
"../../../The_36th_Chamber/Content/Animations/ThirdPersonRun.uasset" 317
"../../../The_36th_Chamber/Content/Animations/ThirdPersonWalk.uasset" 318
"../../../The_36th_Chamber/Content/Animations/AnimStarterPack/IdleRun.uasset" 319
"../../../Engine/Content/Functions/Engine_MaterialFunctions02/Utility/BlendAngleCorrectedNormals.uasset" 320
"../../../Engine/Content/Functions/MaterialLayerFunctions/MatLayerBlend_AO.uasset" 321
"../../../Engine/Content/Functions/MaterialLayerFunctions/MatLayerBlend_NormalBlend.uasset" 322
"../../../Engine/Content/Functions/MaterialLayerFunctions/MatLayerBlend_Simple.uasset" 323
"../../../The_36th_Chamber/Content/Animations/AnimStarterPack/UE4_Mannequin/Materials/MaterialLayers/T_ML_Rubber_Blue_01_D.uasset" 324
"../../../The_36th_Chamber/Content/Animations/AnimStarterPack/UE4_Mannequin/Materials/MaterialLayers/T_ML_Rubber_Blue_01_N.uasset" 325
"../../../The_36th_Chamber/Content/Animations/AnimStarterPack/UE4_Mannequin/Materials/MaterialLayers/ML_GlossyBlack_Latex_UE4.uasset" 326
"../../../The_36th_Chamber/Content/Animations/AnimStarterPack/UE4_Mannequin/Materials/MaterialLayers/ML_Plastic_Shiny_Beige.uasset" 327
"../../../The_36th_Chamber/Content/Animations/AnimStarterPack/UE4_Mannequin/Textures/UE4_LOGO_CARD.uasset" 328
"../../../The_36th_Chamber/Content/Animations/AnimStarterPack/UE4_Mannequin/Materials/MaterialLayers/ML_Plastic_Shiny_Beige_LOGO.uasset" 329
"../../../The_36th_Chamber/Content/Animations/AnimStarterPack/UE4_Mannequin/Materials/MaterialLayers/T_ML_Aluminum01.uasset" 330
"../../../The_36th_Chamber/Content/Animations/AnimStarterPack/UE4_Mannequin/Materials/MaterialLayers/T_ML_Aluminum01_N.uasset" 331
"../../../The_36th_Chamber/Content/Animations/AnimStarterPack/UE4_Mannequin/Materials/MaterialLayers/ML_SoftMetal_UE4.uasset" 332
"../../../The_36th_Chamber/Content/Animations/AnimStarterPack/UE4_Mannequin/Textures/UE4_Mannequin__normals.uasset" 333
"../../../The_36th_Chamber/Content/Animations/AnimStarterPack/UE4_Mannequin/Textures/UE4_Mannequin_MAT_MASKA.uasset" 334
"../../../The_36th_Chamber/Content/Animations/AnimStarterPack/UE4_Mannequin/Textures/UE4_Mannequin_occlusion_Mobile.uasset" 335
"../../../The_36th_Chamber/Content/Animations/AnimStarterPack/UE4_Mannequin/Materials/M_UE4Man_Body.uasset" 336
"../../../The_36th_Chamber/Content/Animations/AnimStarterPack/UE4_Mannequin/Textures/UE4Man_Logo_N.uasset" 337
"../../../The_36th_Chamber/Content/Animations/AnimStarterPack/UE4_Mannequin/Materials/M_UE4Man_ChestLogo.uasset" 338
"../../../The_36th_Chamber/Content/Animations/AnimStarterPack/UE4_Mannequin/Mesh/SK_Mannequin_PhysicsAsset.uasset" 339
"../../../The_36th_Chamber/Content/Animations/AnimStarterPack/UE4_Mannequin/Mesh/SK_Mannequin.uasset" 340
"../../../The_36th_Chamber/Content/Animations/AnimStarterPack/Ue4ASP_Character.uasset" 341
"../../../The_36th_Chamber/Content/Animations/AnimStarterPack/UE4ASP_HeroTPP_AnimBlueprint.uasset" 342
"../../../The_36th_Chamber/Content/Bots/BotState.uasset" 343
"../../../The_36th_Chamber/Content/Bots/ShootingPawn/BaseBlackboard.uasset" 344
"../../../The_36th_Chamber/Content/Bots/ShootingPawn/BotSearchEnemyLOS.uasset" 345
"../../../The_36th_Chamber/Content/Bots/ShootingPawn/MoveToPlayerRanged.uasset" 346
"../../../The_36th_Chamber/Content/Animations/AnimStarterPack/Idle_Rifle_Hip.uasset" 347
"../../../The_36th_Chamber/Content/Animations/AnimStarterPack/UE4ASP_RangeTPP_AnimBlueprint.uasset" 348
"../../../The_36th_Chamber/Content/Weapons/DmgType.uasset" 349
"../../../The_36th_Chamber/Content/Meshes/BaseMaterial.uasset" 350
"../../../The_36th_Chamber/Content/Meshes/FirstPersonProjectileMaterial.uasset" 351
"../../../The_36th_Chamber/Content/Meshes/FirstPersonProjectileMesh.uasset" 352
"../../../The_36th_Chamber/Content/Bots/ShootingPawn/Weapons/Master_PawnProjectile.uasset" 353
"../../../The_36th_Chamber/Content/Weapons/FPWeapon/Materials/MaterialLayers/T_ML_Rubber_Blue_01_D.uasset" 354
"../../../The_36th_Chamber/Content/Weapons/FPWeapon/Materials/MaterialLayers/T_ML_Rubber_Blue_01_N.uasset" 355
"../../../The_36th_Chamber/Content/Weapons/FPWeapon/Materials/MaterialLayers/ML_GlossyBlack_Latex_UE4.uasset" 356
"../../../The_36th_Chamber/Content/Weapons/FPWeapon/Materials/MaterialLayers/ML_Plastic_Shiny_Beige.uasset" 357
"../../../The_36th_Chamber/Content/Weapons/FPWeapon/Materials/MaterialLayers/ML_Screen.uasset" 358
"../../../The_36th_Chamber/Content/Weapons/FPWeapon/Materials/MaterialLayers/T_ML_Aluminum01.uasset" 359
"../../../The_36th_Chamber/Content/Weapons/FPWeapon/Materials/MaterialLayers/T_ML_Aluminum01_N.uasset" 360
"../../../The_36th_Chamber/Content/Weapons/FPWeapon/Materials/MaterialLayers/ML_SoftMetal_UE4.uasset" 361
"../../../The_36th_Chamber/Content/Weapons/FPWeapon/Textures/T_FPGun_M.uasset" 362
"../../../The_36th_Chamber/Content/Weapons/FPWeapon/Textures/T_FPGun_N.uasset" 363
"../../../The_36th_Chamber/Content/Weapons/FPWeapon/Materials/M_FPGun.uasset" 364
"../../../The_36th_Chamber/Content/Weapons/FPWeapon/Mesh/SK_FPGun_Skeleton.uasset" 365
"../../../The_36th_Chamber/Content/Weapons/FPWeapon/Mesh/SK_FPGun.uasset" 366
"../../../The_36th_Chamber/Content/Bots/ShootingPawn/BP_ShootingPawn.uasset" 367
"../../../The_36th_Chamber/Content/Bots/ShootingPawn/ShootWeapon.uasset" 368
"../../../The_36th_Chamber/Content/Bots/ShootingPawn/Ranged_BehaviorTree.uasset" 369
"../../../The_36th_Chamber/Content/Bots/ShootingPawn/RangedController.uasset" 370
"../../../The_36th_Chamber/Content/Bots/BotSearchEnemyMelee.uasset" 371
"../../../The_36th_Chamber/Content/Bots/InRange.uasset" 372
"../../../The_36th_Chamber/Content/Bots/MoveToPlayer.uasset" 373
"../../../The_36th_Chamber/Content/Materials/Functions/RemapLDRtoHDR.uasset" 374
"../../../The_36th_Chamber/Content/Textures/T_Fireball_Frames.uasset" 375
"../../../The_36th_Chamber/Content/Weapons/GrenadeLauncher/Assets/M_Fireball.uasset" 376
"../../../The_36th_Chamber/Content/Weapons/GrenadeLauncher/Assets/P_ExplosionBase.uasset" 377
"../../../The_36th_Chamber/Content/Bots/SuicideBot/BP_AllahAhkbarPawn.uasset" 378
"../../../The_36th_Chamber/Content/Bots/SuicideBot/AllahAhkbar.uasset" 379
"../../../The_36th_Chamber/Content/Bots/Melee_BehaviorTree.uasset" 380
"../../../The_36th_Chamber/Content/Bots/BasicPawn_Controller.uasset" 381
"../../../The_36th_Chamber/Content/Weapons/Crossbow/Assets/M_Bolt.uasset" 382
"../../../The_36th_Chamber/Content/Weapons/Crossbow/Assets/SM_Bolt.uasset" 383
"../../../The_36th_Chamber/Content/Weapons/Crossbow/BP_Crossbow_Proj.uasset" 384
"../../../The_36th_Chamber/Content/Bots/BP_MasterPawn.uasset" 385
"../../../The_36th_Chamber/Content/Weapons/Master_Projectile.uasset" 386
"../../../The_36th_Chamber/Content/Materials/M_EmissiveMaster.uasset" 387
"../../../The_36th_Chamber/Content/Weapons/GrenadeLauncher/Assets/MI_EmissiveMaster.uasset" 388
"../../../The_36th_Chamber/Content/Weapons/Shotgun/Assets/M_Ribbon.uasset" 389
"../../../Engine/Content/Functions/Engine_MaterialFunctions01/Gradient/SphereGradient-2D.uasset" 390
"../../../The_36th_Chamber/Content/Weapons/Shotgun/Assets/M_ShardGlow.uasset" 391
"../../../The_36th_Chamber/Content/Weapons/GrenadeLauncher/Assets/P_Ribbon_Grenade.uasset" 392
"../../../The_36th_Chamber/Content/Weapons/GrenadeLauncher/BP_Grenade_Proj.uasset" 393
"../../../The_36th_Chamber/Content/Weapons/Master_Weapon.uasset" 394
"../../../The_36th_Chamber/Content/Textures/T_Crosshair_Circle1.uasset" 395
"../../../The_36th_Chamber/Content/Weapons/Beam/Assets/P_Beam.uasset" 396
"../../../The_36th_Chamber/Content/Weapons/Beam/BP_EnergyBeam.uasset" 397
"../../../The_36th_Chamber/Content/Textures/T_Crosshair_Circle2.uasset" 398
"../../../The_36th_Chamber/Content/Weapons/GrenadeLauncher/BP_GrenadeLauncher.uasset" 399
"../../../The_36th_Chamber/Content/Meshes/CubeMaterial.uasset" 400
"../../../The_36th_Chamber/Content/Meshes/1M_Cube.uasset" 401
"../../../The_36th_Chamber/Content/Weapons/Rain/BP_RainCloud.uasset" 402
"../../../The_36th_Chamber/Content/Weapons/Rain/BP_Blizzard.uasset" 403
"../../../The_36th_Chamber/Content/Weapons/Shotgun/Assets/MI_ShotgunProj.uasset" 404
"../../../Engine/Content/Functions/Engine_MaterialFunctions02/Fresnel_Function.uasset" 405
"../../../The_36th_Chamber/Content/Weapon_Effects/Textures/T_Muzzle_Flash_02.uasset" 406
"../../../The_36th_Chamber/Content/Weapon_Effects/Textures/T_Tilling_Distortion_Map_01.uasset" 407
"../../../The_36th_Chamber/Content/Weapon_Effects/Textures/T_tilling_flames_01.uasset" 408
"../../../The_36th_Chamber/Content/Weapon_Effects/Materials/M_Muzzle_Flash2.uasset" 409
"../../../The_36th_Chamber/Content/Weapon_Effects/Textures/T_muzzle_flash_01.uasset" 410
"../../../The_36th_Chamber/Content/Weapon_Effects/Materials/M_Muzzle_Flash.uasset" 411
"../../../The_36th_Chamber/Content/Weapon_Effects/Meshes/SM_impact_mesh_03.uasset" 412
"../../../The_36th_Chamber/Content/Weapon_Effects/Meshes/SM_muzzle_flash_1.uasset" 413
"../../../The_36th_Chamber/Content/Weapons/Shotgun/Assets/P_Impact.uasset" 414
"../../../The_36th_Chamber/Content/Weapons/Shotgun/Assets/P_Ribbon.uasset" 415
"../../../The_36th_Chamber/Content/Weapons/Shotgun/Assets/SM_ShotgunShard.uasset" 416
"../../../The_36th_Chamber/Content/Weapons/Shotgun/BP_Shotgun_Proj.uasset" 417
"../../../Engine/Content/EngineMaterials/OrientParticle.uasset" 418
"../../../Engine/Content/EngineMaterials/DefaultParticle.uasset" 419
"../../../The_36th_Chamber/Content/Weapon_Effects/Materials/LensFlare.uasset" 420
"../../../The_36th_Chamber/Content/Weapons/Shotgun/Assets/P_MF_Shotgun.uasset" 421
"../../../The_36th_Chamber/Content/Weapons/Shotgun/BP_Shotgun.uasset" 422
"../../../The_36th_Chamber/Content/PostProcess/HitParamaterCollection.uasset" 423
"../../../The_36th_Chamber/Content/Textures/T_LensDistortion.uasset" 424
"../../../The_36th_Chamber/Content/Textures/T_ScreenHitRed.uasset" 425
"../../../The_36th_Chamber/Content/PostProcess/PPM_PlayerScreenHit.uasset" 426
"../../../The_36th_Chamber/Content/PostProcess/PPM_GammaCorrection.uasset" 427
"../../../The_36th_Chamber/Content/PostProcess/Instances/PPM_GammaCorrection_Inst.uasset" 428
"../../../The_36th_Chamber/Content/Character/Materials/MaterialLayers/T_ML_Rubber_Blue_01_D.uasset" 429
"../../../The_36th_Chamber/Content/Character/Materials/MaterialLayers/T_ML_Rubber_Blue_01_N.uasset" 430
"../../../The_36th_Chamber/Content/Character/Materials/MaterialLayers/ML_GlossyBlack_Latex_UE4.uasset" 431
"../../../The_36th_Chamber/Content/Character/Materials/MaterialLayers/ML_Plastic_Shiny_Beige.uasset" 432
"../../../The_36th_Chamber/Content/Character/Textures/UE4_LOGO_CARD.uasset" 433
"../../../The_36th_Chamber/Content/Character/Materials/MaterialLayers/ML_Plastic_Shiny_Beige_LOGO.uasset" 434
"../../../The_36th_Chamber/Content/Character/Materials/MaterialLayers/T_ML_Aluminum01.uasset" 435
"../../../The_36th_Chamber/Content/Character/Materials/MaterialLayers/T_ML_Aluminum01_N.uasset" 436
"../../../The_36th_Chamber/Content/Character/Materials/MaterialLayers/ML_SoftMetal_UE4.uasset" 437
"../../../The_36th_Chamber/Content/Character/Textures/UE4_Mannequin__normals.uasset" 438
"../../../The_36th_Chamber/Content/Character/Textures/UE4_Mannequin_MAT_MASKA.uasset" 439
"../../../The_36th_Chamber/Content/Character/Materials/M_UE4Man_Body.uasset" 440
"../../../The_36th_Chamber/Content/Character/Mesh/SK_Mannequin_Arms_PhysicsAsset.uasset" 441
"../../../The_36th_Chamber/Content/Character/Mesh/SK_Mannequin_Arms.uasset" 442
"../../../Engine/Content/Functions/Engine_MaterialFunctions01/Texturing/TextureCropping.uasset" 443
"../../../Engine/Content/Functions/Engine_MaterialFunctions02/Math/TimeWithSpeedVariable.uasset" 444
"../../../Engine/Content/Functions/Engine_MaterialFunctions02/UVs/PanTextureCoordinateChannelfrom-1toN+1.uasset" 445
"../../../Engine/Content/Functions/Engine_MaterialFunctions02/UVs/PanTextureCoordinateFrom-1toN+1.uasset" 446
"../../../The_36th_Chamber/Content/Textures/T_HUD_Bar_Generic.uasset" 447
"../../../The_36th_Chamber/Content/Textures/T_HUDBar.uasset" 448
"../../../The_36th_Chamber/Content/UI/UMG_Mats/HUDBar_MAT.uasset" 449
"../../../The_36th_Chamber/Content/Textures/T_Crosshair_Point.uasset" 450
"../../../The_36th_Chamber/Content/UI/HUD.uasset" 451
"../../../The_36th_Chamber/Content/UI/Resolutions.uasset" 452
"../../../The_36th_Chamber/Content/Character/SaveGameBP.uasset" 453
"../../../The_36th_Chamber/Content/UI/MainMenu.uasset" 454
"../../../The_36th_Chamber/Content/UI/SettingsMenu.uasset" 455
"../../../The_36th_Chamber/Content/UI/PauseMenu.uasset" 456
"../../../The_36th_Chamber/Content/Character/FirstPersonCharacter.uasset" 457
"../../../The_36th_Chamber/Content/Character/FirstPersonGameMode.uasset" 458
"../../../The_36th_Chamber/Content/Meshes/M_ReflectiveBlack.uasset" 459
"../../../The_36th_Chamber/Content/Maps/SplashScreen.umap" 460
"../../../The_36th_Chamber/Content/Blueprints/LevelBP/EnemySpawnLocation.uasset" 461
"../../../The_36th_Chamber/Content/Materials/InEditor/M_Red.uasset" 462
"../../../Engine/Content/BasicShapes/Cube.uasset" 463
"../../../The_36th_Chamber/Content/Blueprints/LevelBP/Master_Spawner.uasset" 464
"../../../Engine/Content/Functions/Engine_MaterialFunctions01/Gradient/LinearGradient.uasset" 465
"../../../Engine/Content/Functions/Engine_MaterialFunctions01/ImageAdjustment/CheapContrast.uasset" 466
"../../../Engine/Content/Functions/Engine_MaterialFunctions01/Texturing/WorldAlignedTexture.uasset" 467
"../../../The_36th_Chamber/Content/Textures/tut_hologrid.uasset" 468
"../../../The_36th_Chamber/Content/Materials/M_Grid.uasset" 469
"../../../The_36th_Chamber/Content/Textures/BarMask.uasset" 470
"../../../The_36th_Chamber/Content/Materials/M_ScanLine.uasset" 471
"../../../Engine/Content/Functions/Engine_MaterialFunctions02/Texturing/ScreenAlignedPixelToPixelUVs.uasset" 472
"../../../The_36th_Chamber/Content/PostProcess/Textures/T_GridB.uasset" 473
"../../../The_36th_Chamber/Content/PostProcess/PPM_TS_InkAndPaper.uasset" 474
"../../../The_36th_Chamber/Content/Textures/T_White.uasset" 475
"../../../The_36th_Chamber/Content/PostProcess/Instances/PPM_TS_InkAndPaper_BallPoint.uasset" 476
"../../../The_36th_Chamber/Content/Maps/TestZone.umap" 477
